[09-Apr-2023 19:12:58 Asia/Dhaka] PHP Fatal error:  Uncaught PDOException: SQLSTATE[42S22]: Column not found: 1054 Unknown column 'tran_date' in 'field list' in E:\Portable Software\XAMPP\App\xampp\htdocs\pharmacy-mvc\bootstrap\DB.php:168
Stack trace:
#0 E:\Portable Software\XAMPP\App\xampp\htdocs\pharmacy-mvc\bootstrap\DB.php(168): PDO->prepare('INSERT INTO sto...')
#1 E:\Portable Software\XAMPP\App\xampp\htdocs\pharmacy-mvc\app\Controllers\PurchaseController.php(63): Core\DB->insert(Array, 'batch')
#2 E:\Portable Software\XAMPP\App\xampp\htdocs\pharmacy-mvc\bootstrap\Application.php(45): App\Controllers\PurchaseController->store(Object(Core\Request))
#3 E:\Portable Software\XAMPP\App\xampp\htdocs\pharmacy-mvc\routes\web.php(62): Core\Application->run()
#4 E:\Portable Software\XAMPP\App\xampp\htdocs\pharmacy-mvc\public\index.php(4): require_once('E:\\Portable Sof...')
#5 {main}
  thrown in E:\Portable Software\XAMPP\App\xampp\htdocs\pharmacy-mvc\bootstrap\DB.php on line 168
[09-Apr-2023 19:14:14 Asia/Dhaka] PHP Fatal error:  Uncaught PDOException: SQLSTATE[42S02]: Base table or view not found: 1146 Table 'pharmacy_data.purchase' doesn't exist in E:\Portable Software\XAMPP\App\xampp\htdocs\pharmacy-mvc\bootstrap\DB.php:134
Stack trace:
#0 E:\Portable Software\XAMPP\App\xampp\htdocs\pharmacy-mvc\bootstrap\DB.php(134): PDO->prepare('SELECT * FROM p...')
#1 E:\Portable Software\XAMPP\App\xampp\htdocs\pharmacy-mvc\app\Controllers\PurchaseController.php(15): Core\DB->fetchAll()
#2 E:\Portable Software\XAMPP\App\xampp\htdocs\pharmacy-mvc\bootstrap\Application.php(45): App\Controllers\PurchaseController->index(Object(Core\Request))
#3 E:\Portable Software\XAMPP\App\xampp\htdocs\pharmacy-mvc\routes\web.php(62): Core\Application->run()
#4 E:\Portable Software\XAMPP\App\xampp\htdocs\pharmacy-mvc\public\index.php(4): require_once('E:\\Portable Sof...')
#5 {main}
  thrown in E:\Portable Software\XAMPP\App\xampp\htdocs\pharmacy-mvc\bootstrap\DB.php on line 134
[09-Apr-2023 19:16:03 Asia/Dhaka] PHP Notice:  Undefined variable: company_list in E:\Portable Software\XAMPP\App\xampp\htdocs\pharmacy-mvc\resources\views\purchase\index.php on line 24
[09-Apr-2023 19:16:03 Asia/Dhaka] PHP Warning:  Invalid argument supplied for foreach() in E:\Portable Software\XAMPP\App\xampp\htdocs\pharmacy-mvc\resources\views\purchase\index.php on line 24
[09-Apr-2023 19:30:40 Asia/Dhaka] PHP Warning:  substr() expects parameter 1 to be string, array given in E:\Portable Software\XAMPP\App\xampp\htdocs\pharmacy-mvc\app\Controllers\PurchaseController.php on line 28
[09-Apr-2023 19:30:40 Asia/Dhaka] PHP Warning:  strlen() expects parameter 1 to be string, array given in E:\Portable Software\XAMPP\App\xampp\htdocs\pharmacy-mvc\app\Controllers\PurchaseController.php on line 29
[09-Apr-2023 19:30:40 Asia/Dhaka] PHP Warning:  substr() expects parameter 1 to be string, array given in E:\Portable Software\XAMPP\App\xampp\htdocs\pharmacy-mvc\app\Controllers\PurchaseController.php on line 29
[09-Apr-2023 19:30:46 Asia/Dhaka] PHP Warning:  substr() expects parameter 1 to be string, array given in E:\Portable Software\XAMPP\App\xampp\htdocs\pharmacy-mvc\app\Controllers\PurchaseController.php on line 28
[09-Apr-2023 19:30:46 Asia/Dhaka] PHP Warning:  strlen() expects parameter 1 to be string, array given in E:\Portable Software\XAMPP\App\xampp\htdocs\pharmacy-mvc\app\Controllers\PurchaseController.php on line 29
[09-Apr-2023 19:30:46 Asia/Dhaka] PHP Warning:  substr() expects parameter 1 to be string, array given in E:\Portable Software\XAMPP\App\xampp\htdocs\pharmacy-mvc\app\Controllers\PurchaseController.php on line 29
[09-Apr-2023 19:46:48 Asia/Dhaka] PHP Fatal error:  Uncaught PDOException: SQLSTATE[42S22]: Column not found: 1054 Unknown column 'g.generic_id' in 'field list' in E:\Portable Software\XAMPP\App\xampp\htdocs\pharmacy-mvc\bootstrap\DB.php:141
Stack trace:
#0 E:\Portable Software\XAMPP\App\xampp\htdocs\pharmacy-mvc\bootstrap\DB.php(141): PDO->query('SELECT b.id, b....')
#1 E:\Portable Software\XAMPP\App\xampp\htdocs\pharmacy-mvc\app\Controllers\PurchaseController.php(147): Core\DB::query('SELECT b.id, b....')
#2 E:\Portable Software\XAMPP\App\xampp\htdocs\pharmacy-mvc\bootstrap\Application.php(45): App\Controllers\PurchaseController->single_brand(Object(Core\Request))
#3 E:\Portable Software\XAMPP\App\xampp\htdocs\pharmacy-mvc\routes\web.php(62): Core\Application->run()
#4 E:\Portable Software\XAMPP\App\xampp\htdocs\pharmacy-mvc\public\index.php(4): require_once('E:\\Portable Sof...')
#5 {main}
  thrown in E:\Portable Software\XAMPP\App\xampp\htdocs\pharmacy-mvc\bootstrap\DB.php on line 141
[09-Apr-2023 19:51:19 Asia/Dhaka] PHP Notice:  Undefined index: purchase_name in E:\Portable Software\XAMPP\App\xampp\htdocs\pharmacy-mvc\resources\views\purchase\index.php on line 27
[09-Apr-2023 19:51:19 Asia/Dhaka] PHP Notice:  Undefined index: purchase_number in E:\Portable Software\XAMPP\App\xampp\htdocs\pharmacy-mvc\resources\views\purchase\index.php on line 28
[09-Apr-2023 19:51:19 Asia/Dhaka] PHP Notice:  Undefined index: purchase_email in E:\Portable Software\XAMPP\App\xampp\htdocs\pharmacy-mvc\resources\views\purchase\index.php on line 29
[09-Apr-2023 19:51:19 Asia/Dhaka] PHP Notice:  Undefined index: purchase_address in E:\Portable Software\XAMPP\App\xampp\htdocs\pharmacy-mvc\resources\views\purchase\index.php on line 30
[09-Apr-2023 19:51:19 Asia/Dhaka] PHP Notice:  Undefined index: status in E:\Portable Software\XAMPP\App\xampp\htdocs\pharmacy-mvc\resources\views\purchase\index.php on line 31
[09-Apr-2023 19:51:19 Asia/Dhaka] PHP Notice:  Undefined index: id in E:\Portable Software\XAMPP\App\xampp\htdocs\pharmacy-mvc\resources\views\purchase\index.php on line 33
[09-Apr-2023 19:51:19 Asia/Dhaka] PHP Notice:  Undefined index: id in E:\Portable Software\XAMPP\App\xampp\htdocs\pharmacy-mvc\resources\views\purchase\index.php on line 36
[09-Apr-2023 19:51:19 Asia/Dhaka] PHP Notice:  Undefined index: id in E:\Portable Software\XAMPP\App\xampp\htdocs\pharmacy-mvc\resources\views\purchase\index.php on line 39
[09-Apr-2023 19:51:19 Asia/Dhaka] PHP Notice:  Undefined index: purchase_name in E:\Portable Software\XAMPP\App\xampp\htdocs\pharmacy-mvc\resources\views\purchase\index.php on line 27
[09-Apr-2023 19:51:19 Asia/Dhaka] PHP Notice:  Undefined index: purchase_number in E:\Portable Software\XAMPP\App\xampp\htdocs\pharmacy-mvc\resources\views\purchase\index.php on line 28
[09-Apr-2023 19:51:19 Asia/Dhaka] PHP Notice:  Undefined index: purchase_email in E:\Portable Software\XAMPP\App\xampp\htdocs\pharmacy-mvc\resources\views\purchase\index.php on line 29
[09-Apr-2023 19:51:19 Asia/Dhaka] PHP Notice:  Undefined index: purchase_address in E:\Portable Software\XAMPP\App\xampp\htdocs\pharmacy-mvc\resources\views\purchase\index.php on line 30
[09-Apr-2023 19:51:19 Asia/Dhaka] PHP Notice:  Undefined index: status in E:\Portable Software\XAMPP\App\xampp\htdocs\pharmacy-mvc\resources\views\purchase\index.php on line 31
[09-Apr-2023 19:51:19 Asia/Dhaka] PHP Notice:  Undefined index: id in E:\Portable Software\XAMPP\App\xampp\htdocs\pharmacy-mvc\resources\views\purchase\index.php on line 33
[09-Apr-2023 19:51:19 Asia/Dhaka] PHP Notice:  Undefined index: id in E:\Portable Software\XAMPP\App\xampp\htdocs\pharmacy-mvc\resources\views\purchase\index.php on line 36
[09-Apr-2023 19:51:19 Asia/Dhaka] PHP Notice:  Undefined index: id in E:\Portable Software\XAMPP\App\xampp\htdocs\pharmacy-mvc\resources\views\purchase\index.php on line 39
[09-Apr-2023 19:51:19 Asia/Dhaka] PHP Notice:  Undefined index: purchase_name in E:\Portable Software\XAMPP\App\xampp\htdocs\pharmacy-mvc\resources\views\purchase\index.php on line 27
[09-Apr-2023 19:51:19 Asia/Dhaka] PHP Notice:  Undefined index: purchase_number in E:\Portable Software\XAMPP\App\xampp\htdocs\pharmacy-mvc\resources\views\purchase\index.php on line 28
[09-Apr-2023 19:51:19 Asia/Dhaka] PHP Notice:  Undefined index: purchase_email in E:\Portable Software\XAMPP\App\xampp\htdocs\pharmacy-mvc\resources\views\purchase\index.php on line 29
[09-Apr-2023 19:51:19 Asia/Dhaka] PHP Notice:  Undefined index: purchase_address in E:\Portable Software\XAMPP\App\xampp\htdocs\pharmacy-mvc\resources\views\purchase\index.php on line 30
[09-Apr-2023 19:51:19 Asia/Dhaka] PHP Notice:  Undefined index: status in E:\Portable Software\XAMPP\App\xampp\htdocs\pharmacy-mvc\resources\views\purchase\index.php on line 31
[09-Apr-2023 19:51:19 Asia/Dhaka] PHP Notice:  Undefined index: id in E:\Portable Software\XAMPP\App\xampp\htdocs\pharmacy-mvc\resources\views\purchase\index.php on line 33
[09-Apr-2023 19:51:19 Asia/Dhaka] PHP Notice:  Undefined index: id in E:\Portable Software\XAMPP\App\xampp\htdocs\pharmacy-mvc\resources\views\purchase\index.php on line 36
[09-Apr-2023 19:51:19 Asia/Dhaka] PHP Notice:  Undefined index: id in E:\Portable Software\XAMPP\App\xampp\htdocs\pharmacy-mvc\resources\views\purchase\index.php on line 39
[09-Apr-2023 19:51:19 Asia/Dhaka] PHP Notice:  Undefined index: purchase_name in E:\Portable Software\XAMPP\App\xampp\htdocs\pharmacy-mvc\resources\views\purchase\index.php on line 27
[09-Apr-2023 19:51:19 Asia/Dhaka] PHP Notice:  Undefined index: purchase_number in E:\Portable Software\XAMPP\App\xampp\htdocs\pharmacy-mvc\resources\views\purchase\index.php on line 28
[09-Apr-2023 19:51:19 Asia/Dhaka] PHP Notice:  Undefined index: purchase_email in E:\Portable Software\XAMPP\App\xampp\htdocs\pharmacy-mvc\resources\views\purchase\index.php on line 29
[09-Apr-2023 19:51:19 Asia/Dhaka] PHP Notice:  Undefined index: purchase_address in E:\Portable Software\XAMPP\App\xampp\htdocs\pharmacy-mvc\resources\views\purchase\index.php on line 30
[09-Apr-2023 19:51:19 Asia/Dhaka] PHP Notice:  Undefined index: status in E:\Portable Software\XAMPP\App\xampp\htdocs\pharmacy-mvc\resources\views\purchase\index.php on line 31
[09-Apr-2023 19:51:19 Asia/Dhaka] PHP Notice:  Undefined index: id in E:\Portable Software\XAMPP\App\xampp\htdocs\pharmacy-mvc\resources\views\purchase\index.php on line 33
[09-Apr-2023 19:51:19 Asia/Dhaka] PHP Notice:  Undefined index: id in E:\Portable Software\XAMPP\App\xampp\htdocs\pharmacy-mvc\resources\views\purchase\index.php on line 36
[09-Apr-2023 19:51:19 Asia/Dhaka] PHP Notice:  Undefined index: id in E:\Portable Software\XAMPP\App\xampp\htdocs\pharmacy-mvc\resources\views\purchase\index.php on line 39
[09-Apr-2023 20:07:01 Asia/Dhaka] PHP Notice:  Undefined index: purchase_name in E:\Portable Software\XAMPP\App\xampp\htdocs\pharmacy-mvc\resources\views\purchase\index.php on line 27
[09-Apr-2023 20:07:01 Asia/Dhaka] PHP Notice:  Undefined index: purchase_number in E:\Portable Software\XAMPP\App\xampp\htdocs\pharmacy-mvc\resources\views\purchase\index.php on line 28
[09-Apr-2023 20:07:01 Asia/Dhaka] PHP Notice:  Undefined index: purchase_email in E:\Portable Software\XAMPP\App\xampp\htdocs\pharmacy-mvc\resources\views\purchase\index.php on line 29
[09-Apr-2023 20:07:01 Asia/Dhaka] PHP Notice:  Undefined index: purchase_address in E:\Portable Software\XAMPP\App\xampp\htdocs\pharmacy-mvc\resources\views\purchase\index.php on line 30
[09-Apr-2023 20:07:01 Asia/Dhaka] PHP Notice:  Undefined index: status in E:\Portable Software\XAMPP\App\xampp\htdocs\pharmacy-mvc\resources\views\purchase\index.php on line 31
[09-Apr-2023 20:07:01 Asia/Dhaka] PHP Notice:  Undefined index: id in E:\Portable Software\XAMPP\App\xampp\htdocs\pharmacy-mvc\resources\views\purchase\index.php on line 33
[09-Apr-2023 20:07:01 Asia/Dhaka] PHP Notice:  Undefined index: id in E:\Portable Software\XAMPP\App\xampp\htdocs\pharmacy-mvc\resources\views\purchase\index.php on line 36
[09-Apr-2023 20:07:01 Asia/Dhaka] PHP Notice:  Undefined index: id in E:\Portable Software\XAMPP\App\xampp\htdocs\pharmacy-mvc\resources\views\purchase\index.php on line 39
[09-Apr-2023 20:07:01 Asia/Dhaka] PHP Notice:  Undefined index: purchase_name in E:\Portable Software\XAMPP\App\xampp\htdocs\pharmacy-mvc\resources\views\purchase\index.php on line 27
[09-Apr-2023 20:07:01 Asia/Dhaka] PHP Notice:  Undefined index: purchase_number in E:\Portable Software\XAMPP\App\xampp\htdocs\pharmacy-mvc\resources\views\purchase\index.php on line 28
[09-Apr-2023 20:07:01 Asia/Dhaka] PHP Notice:  Undefined index: purchase_email in E:\Portable Software\XAMPP\App\xampp\htdocs\pharmacy-mvc\resources\views\purchase\index.php on line 29
[09-Apr-2023 20:07:01 Asia/Dhaka] PHP Notice:  Undefined index: purchase_address in E:\Portable Software\XAMPP\App\xampp\htdocs\pharmacy-mvc\resources\views\purchase\index.php on line 30
[09-Apr-2023 20:07:01 Asia/Dhaka] PHP Notice:  Undefined index: status in E:\Portable Software\XAMPP\App\xampp\htdocs\pharmacy-mvc\resources\views\purchase\index.php on line 31
[09-Apr-2023 20:07:01 Asia/Dhaka] PHP Notice:  Undefined index: id in E:\Portable Software\XAMPP\App\xampp\htdocs\pharmacy-mvc\resources\views\purchase\index.php on line 33
[09-Apr-2023 20:07:01 Asia/Dhaka] PHP Notice:  Undefined index: id in E:\Portable Software\XAMPP\App\xampp\htdocs\pharmacy-mvc\resources\views\purchase\index.php on line 36
[09-Apr-2023 20:07:01 Asia/Dhaka] PHP Notice:  Undefined index: id in E:\Portable Software\XAMPP\App\xampp\htdocs\pharmacy-mvc\resources\views\purchase\index.php on line 39
[09-Apr-2023 20:07:01 Asia/Dhaka] PHP Notice:  Undefined index: purchase_name in E:\Portable Software\XAMPP\App\xampp\htdocs\pharmacy-mvc\resources\views\purchase\index.php on line 27
[09-Apr-2023 20:07:01 Asia/Dhaka] PHP Notice:  Undefined index: purchase_number in E:\Portable Software\XAMPP\App\xampp\htdocs\pharmacy-mvc\resources\views\purchase\index.php on line 28
[09-Apr-2023 20:07:01 Asia/Dhaka] PHP Notice:  Undefined index: purchase_email in E:\Portable Software\XAMPP\App\xampp\htdocs\pharmacy-mvc\resources\views\purchase\index.php on line 29
[09-Apr-2023 20:07:01 Asia/Dhaka] PHP Notice:  Undefined index: purchase_address in E:\Portable Software\XAMPP\App\xampp\htdocs\pharmacy-mvc\resources\views\purchase\index.php on line 30
[09-Apr-2023 20:07:01 Asia/Dhaka] PHP Notice:  Undefined index: status in E:\Portable Software\XAMPP\App\xampp\htdocs\pharmacy-mvc\resources\views\purchase\index.php on line 31
[09-Apr-2023 20:07:01 Asia/Dhaka] PHP Notice:  Undefined index: id in E:\Portable Software\XAMPP\App\xampp\htdocs\pharmacy-mvc\resources\views\purchase\index.php on line 33
[09-Apr-2023 20:07:01 Asia/Dhaka] PHP Notice:  Undefined index: id in E:\Portable Software\XAMPP\App\xampp\htdocs\pharmacy-mvc\resources\views\purchase\index.php on line 36
[09-Apr-2023 20:07:01 Asia/Dhaka] PHP Notice:  Undefined index: id in E:\Portable Software\XAMPP\App\xampp\htdocs\pharmacy-mvc\resources\views\purchase\index.php on line 39
[09-Apr-2023 20:09:52 Asia/Dhaka] PHP Notice:  Undefined index: id in E:\Portable Software\XAMPP\App\xampp\htdocs\pharmacy-mvc\resources\views\purchase\index.php on line 33
[09-Apr-2023 20:09:52 Asia/Dhaka] PHP Notice:  Undefined index: id in E:\Portable Software\XAMPP\App\xampp\htdocs\pharmacy-mvc\resources\views\purchase\index.php on line 36
[09-Apr-2023 20:09:52 Asia/Dhaka] PHP Notice:  Undefined index: id in E:\Portable Software\XAMPP\App\xampp\htdocs\pharmacy-mvc\resources\views\purchase\index.php on line 39
[09-Apr-2023 20:09:52 Asia/Dhaka] PHP Notice:  Undefined index: id in E:\Portable Software\XAMPP\App\xampp\htdocs\pharmacy-mvc\resources\views\purchase\index.php on line 33
[09-Apr-2023 20:09:52 Asia/Dhaka] PHP Notice:  Undefined index: id in E:\Portable Software\XAMPP\App\xampp\htdocs\pharmacy-mvc\resources\views\purchase\index.php on line 36
[09-Apr-2023 20:09:52 Asia/Dhaka] PHP Notice:  Undefined index: id in E:\Portable Software\XAMPP\App\xampp\htdocs\pharmacy-mvc\resources\views\purchase\index.php on line 39
[09-Apr-2023 20:09:52 Asia/Dhaka] PHP Notice:  Undefined index: id in E:\Portable Software\XAMPP\App\xampp\htdocs\pharmacy-mvc\resources\views\purchase\index.php on line 33
[09-Apr-2023 20:09:52 Asia/Dhaka] PHP Notice:  Undefined index: id in E:\Portable Software\XAMPP\App\xampp\htdocs\pharmacy-mvc\resources\views\purchase\index.php on line 36
[09-Apr-2023 20:09:52 Asia/Dhaka] PHP Notice:  Undefined index: id in E:\Portable Software\XAMPP\App\xampp\htdocs\pharmacy-mvc\resources\views\purchase\index.php on line 39
[09-Apr-2023 20:11:04 Asia/Dhaka] PHP Notice:  Undefined index: id in E:\Portable Software\XAMPP\App\xampp\htdocs\pharmacy-mvc\resources\views\purchase\index.php on line 33
[09-Apr-2023 20:11:04 Asia/Dhaka] PHP Notice:  Undefined index: id in E:\Portable Software\XAMPP\App\xampp\htdocs\pharmacy-mvc\resources\views\purchase\index.php on line 36
[09-Apr-2023 20:11:04 Asia/Dhaka] PHP Notice:  Undefined index: id in E:\Portable Software\XAMPP\App\xampp\htdocs\pharmacy-mvc\resources\views\purchase\index.php on line 39
[09-Apr-2023 20:11:04 Asia/Dhaka] PHP Notice:  Undefined index: id in E:\Portable Software\XAMPP\App\xampp\htdocs\pharmacy-mvc\resources\views\purchase\index.php on line 33
[09-Apr-2023 20:11:04 Asia/Dhaka] PHP Notice:  Undefined index: id in E:\Portable Software\XAMPP\App\xampp\htdocs\pharmacy-mvc\resources\views\purchase\index.php on line 36
[09-Apr-2023 20:11:04 Asia/Dhaka] PHP Notice:  Undefined index: id in E:\Portable Software\XAMPP\App\xampp\htdocs\pharmacy-mvc\resources\views\purchase\index.php on line 39
[09-Apr-2023 20:11:04 Asia/Dhaka] PHP Notice:  Undefined index: id in E:\Portable Software\XAMPP\App\xampp\htdocs\pharmacy-mvc\resources\views\purchase\index.php on line 33
[09-Apr-2023 20:11:04 Asia/Dhaka] PHP Notice:  Undefined index: id in E:\Portable Software\XAMPP\App\xampp\htdocs\pharmacy-mvc\resources\views\purchase\index.php on line 36
[09-Apr-2023 20:11:04 Asia/Dhaka] PHP Notice:  Undefined index: id in E:\Portable Software\XAMPP\App\xampp\htdocs\pharmacy-mvc\resources\views\purchase\index.php on line 39
[09-Apr-2023 20:11:20 Asia/Dhaka] PHP Notice:  Undefined index: id in E:\Portable Software\XAMPP\App\xampp\htdocs\pharmacy-mvc\resources\views\purchase\index.php on line 33
[09-Apr-2023 20:11:20 Asia/Dhaka] PHP Notice:  Undefined index: id in E:\Portable Software\XAMPP\App\xampp\htdocs\pharmacy-mvc\resources\views\purchase\index.php on line 36
[09-Apr-2023 20:11:20 Asia/Dhaka] PHP Notice:  Undefined index: id in E:\Portable Software\XAMPP\App\xampp\htdocs\pharmacy-mvc\resources\views\purchase\index.php on line 39
[09-Apr-2023 20:11:20 Asia/Dhaka] PHP Notice:  Undefined index: id in E:\Portable Software\XAMPP\App\xampp\htdocs\pharmacy-mvc\resources\views\purchase\index.php on line 33
[09-Apr-2023 20:11:20 Asia/Dhaka] PHP Notice:  Undefined index: id in E:\Portable Software\XAMPP\App\xampp\htdocs\pharmacy-mvc\resources\views\purchase\index.php on line 36
[09-Apr-2023 20:11:20 Asia/Dhaka] PHP Notice:  Undefined index: id in E:\Portable Software\XAMPP\App\xampp\htdocs\pharmacy-mvc\resources\views\purchase\index.php on line 39
[09-Apr-2023 20:11:20 Asia/Dhaka] PHP Notice:  Undefined index: id in E:\Portable Software\XAMPP\App\xampp\htdocs\pharmacy-mvc\resources\views\purchase\index.php on line 33
[09-Apr-2023 20:11:20 Asia/Dhaka] PHP Notice:  Undefined index: id in E:\Portable Software\XAMPP\App\xampp\htdocs\pharmacy-mvc\resources\views\purchase\index.php on line 36
[09-Apr-2023 20:11:20 Asia/Dhaka] PHP Notice:  Undefined index: id in E:\Portable Software\XAMPP\App\xampp\htdocs\pharmacy-mvc\resources\views\purchase\index.php on line 39
[09-Apr-2023 20:11:39 Asia/Dhaka] PHP Notice:  Undefined index: id in E:\Portable Software\XAMPP\App\xampp\htdocs\pharmacy-mvc\resources\views\purchase\index.php on line 33
[09-Apr-2023 20:11:39 Asia/Dhaka] PHP Notice:  Undefined index: id in E:\Portable Software\XAMPP\App\xampp\htdocs\pharmacy-mvc\resources\views\purchase\index.php on line 36
[09-Apr-2023 20:11:39 Asia/Dhaka] PHP Notice:  Undefined index: id in E:\Portable Software\XAMPP\App\xampp\htdocs\pharmacy-mvc\resources\views\purchase\index.php on line 39
[09-Apr-2023 20:11:39 Asia/Dhaka] PHP Notice:  Undefined index: id in E:\Portable Software\XAMPP\App\xampp\htdocs\pharmacy-mvc\resources\views\purchase\index.php on line 33
[09-Apr-2023 20:11:39 Asia/Dhaka] PHP Notice:  Undefined index: id in E:\Portable Software\XAMPP\App\xampp\htdocs\pharmacy-mvc\resources\views\purchase\index.php on line 36
[09-Apr-2023 20:11:39 Asia/Dhaka] PHP Notice:  Undefined index: id in E:\Portable Software\XAMPP\App\xampp\htdocs\pharmacy-mvc\resources\views\purchase\index.php on line 39
[09-Apr-2023 20:11:39 Asia/Dhaka] PHP Notice:  Undefined index: id in E:\Portable Software\XAMPP\App\xampp\htdocs\pharmacy-mvc\resources\views\purchase\index.php on line 33
[09-Apr-2023 20:11:39 Asia/Dhaka] PHP Notice:  Undefined index: id in E:\Portable Software\XAMPP\App\xampp\htdocs\pharmacy-mvc\resources\views\purchase\index.php on line 36
[09-Apr-2023 20:11:39 Asia/Dhaka] PHP Notice:  Undefined index: id in E:\Portable Software\XAMPP\App\xampp\htdocs\pharmacy-mvc\resources\views\purchase\index.php on line 39
[09-Apr-2023 21:53:55 Asia/Dhaka] PHP Fatal error:  Uncaught PDOException: SQLSTATE[42S22]: Column not found: 1054 Unknown column 'si.brand_id' in 'on clause' in E:\Portable Software\XAMPP\App\xampp\htdocs\pharmacy-mvc\bootstrap\DB.php:141
Stack trace:
#0 E:\Portable Software\XAMPP\App\xampp\htdocs\pharmacy-mvc\bootstrap\DB.php(141): PDO->query('SELECT b.brand_...')
#1 E:\Portable Software\XAMPP\App\xampp\htdocs\pharmacy-mvc\app\Controllers\PurchaseController.php(26): Core\DB::query('SELECT b.brand_...')
#2 E:\Portable Software\XAMPP\App\xampp\htdocs\pharmacy-mvc\bootstrap\Application.php(45): App\Controllers\PurchaseController->index(Object(Core\Request))
#3 E:\Portable Software\XAMPP\App\xampp\htdocs\pharmacy-mvc\routes\web.php(62): Core\Application->run()
#4 E:\Portable Software\XAMPP\App\xampp\htdocs\pharmacy-mvc\public\index.php(4): require_once('E:\\Portable Sof...')
#5 {main}
  thrown in E:\Portable Software\XAMPP\App\xampp\htdocs\pharmacy-mvc\bootstrap\DB.php on line 141
[09-Apr-2023 22:12:15 Asia/Dhaka] PHP Fatal error:  Uncaught Exception: 404 Not Found in E:\Portable Software\XAMPP\App\xampp\htdocs\pharmacy-mvc\bootstrap\Application.php:20
Stack trace:
#0 E:\Portable Software\XAMPP\App\xampp\htdocs\pharmacy-mvc\routes\web.php(62): Core\Application->run()
#1 E:\Portable Software\XAMPP\App\xampp\htdocs\pharmacy-mvc\public\index.php(4): require_once('E:\\Portable Sof...')
#2 {main}
  thrown in E:\Portable Software\XAMPP\App\xampp\htdocs\pharmacy-mvc\bootstrap\Application.php on line 20
[09-Apr-2023 22:23:22 Asia/Dhaka] PHP Fatal error:  Uncaught PDOException: SQLSTATE[42S22]: Column not found: 1054 Unknown column 'tm.tran_id' in 'on clause' in E:\Portable Software\XAMPP\App\xampp\htdocs\pharmacy-mvc\bootstrap\DB.php:141
Stack trace:
#0 E:\Portable Software\XAMPP\App\xampp\htdocs\pharmacy-mvc\bootstrap\DB.php(141): PDO->query('SELECT * FROM t...')
#1 E:\Portable Software\XAMPP\App\xampp\htdocs\pharmacy-mvc\app\Controllers\PurchaseController.php(24): Core\DB::query('SELECT * FROM t...')
#2 E:\Portable Software\XAMPP\App\xampp\htdocs\pharmacy-mvc\bootstrap\Application.php(45): App\Controllers\PurchaseController->index(Object(Core\Request))
#3 E:\Portable Software\XAMPP\App\xampp\htdocs\pharmacy-mvc\routes\web.php(62): Core\Application->run()
#4 E:\Portable Software\XAMPP\App\xampp\htdocs\pharmacy-mvc\public\index.php(4): require_once('E:\\Portable Sof...')
#5 {main}
  thrown in E:\Portable Software\XAMPP\App\xampp\htdocs\pharmacy-mvc\bootstrap\DB.php on line 141
[09-Apr-2023 22:23:41 Asia/Dhaka] PHP Notice:  Undefined index: brand_name in E:\Portable Software\XAMPP\App\xampp\htdocs\pharmacy-mvc\resources\views\purchase\index.php on line 27
[09-Apr-2023 22:27:19 Asia/Dhaka] PHP Fatal error:  Uncaught PDOException: SQLSTATE[42S02]: Base table or view not found: 1146 Table 'pharmacy_data.purchase' doesn't exist in E:\Portable Software\XAMPP\App\xampp\htdocs\pharmacy-mvc\bootstrap\DB.php:141
Stack trace:
#0 E:\Portable Software\XAMPP\App\xampp\htdocs\pharmacy-mvc\bootstrap\DB.php(141): PDO->query('SELECT * FROM p...')
#1 E:\Portable Software\XAMPP\App\xampp\htdocs\pharmacy-mvc\app\Controllers\PurchaseController.php(103): Core\DB::query('SELECT * FROM p...')
#2 E:\Portable Software\XAMPP\App\xampp\htdocs\pharmacy-mvc\bootstrap\Application.php(43): App\Controllers\PurchaseController->edit(Array)
#3 E:\Portable Software\XAMPP\App\xampp\htdocs\pharmacy-mvc\routes\web.php(62): Core\Application->run()
#4 E:\Portable Software\XAMPP\App\xampp\htdocs\pharmacy-mvc\public\index.php(4): require_once('E:\\Portable Sof...')
#5 {main}
  thrown in E:\Portable Software\XAMPP\App\xampp\htdocs\pharmacy-mvc\bootstrap\DB.php on line 141
[09-Apr-2023 22:28:25 Asia/Dhaka] PHP Fatal error:  Uncaught PDOException: SQLSTATE[42S02]: Base table or view not found: 1146 Table 'pharmacy_data.purchase' doesn't exist in E:\Portable Software\XAMPP\App\xampp\htdocs\pharmacy-mvc\bootstrap\DB.php:141
Stack trace:
#0 E:\Portable Software\XAMPP\App\xampp\htdocs\pharmacy-mvc\bootstrap\DB.php(141): PDO->query('SELECT * FROM p...')
#1 E:\Portable Software\XAMPP\App\xampp\htdocs\pharmacy-mvc\app\Controllers\PurchaseController.php(103): Core\DB::query('SELECT * FROM p...')
#2 E:\Portable Software\XAMPP\App\xampp\htdocs\pharmacy-mvc\bootstrap\Application.php(43): App\Controllers\PurchaseController->edit(Array)
#3 E:\Portable Software\XAMPP\App\xampp\htdocs\pharmacy-mvc\routes\web.php(62): Core\Application->run()
#4 E:\Portable Software\XAMPP\App\xampp\htdocs\pharmacy-mvc\public\index.php(4): require_once('E:\\Portable Sof...')
#5 {main}
  thrown in E:\Portable Software\XAMPP\App\xampp\htdocs\pharmacy-mvc\bootstrap\DB.php on line 141
[09-Apr-2023 22:30:58 Asia/Dhaka] PHP Fatal error:  Uncaught PDOException: SQLSTATE[42S02]: Base table or view not found: 1146 Table 'pharmacy_data.purchase' doesn't exist in E:\Portable Software\XAMPP\App\xampp\htdocs\pharmacy-mvc\bootstrap\DB.php:141
Stack trace:
#0 E:\Portable Software\XAMPP\App\xampp\htdocs\pharmacy-mvc\bootstrap\DB.php(141): PDO->query('SELECT * FROM p...')
#1 E:\Portable Software\XAMPP\App\xampp\htdocs\pharmacy-mvc\app\Controllers\PurchaseController.php(103): Core\DB::query('SELECT * FROM p...')
#2 E:\Portable Software\XAMPP\App\xampp\htdocs\pharmacy-mvc\bootstrap\Application.php(43): App\Controllers\PurchaseController->edit(Array)
#3 E:\Portable Software\XAMPP\App\xampp\htdocs\pharmacy-mvc\routes\web.php(62): Core\Application->run()
#4 E:\Portable Software\XAMPP\App\xampp\htdocs\pharmacy-mvc\public\index.php(4): require_once('E:\\Portable Sof...')
#5 {main}
  thrown in E:\Portable Software\XAMPP\App\xampp\htdocs\pharmacy-mvc\bootstrap\DB.php on line 141
[09-Apr-2023 22:33:07 Asia/Dhaka] PHP Fatal error:  Uncaught PDOException: SQLSTATE[42S22]: Column not found: 1054 Unknown column 'si.tran_id' in 'where clause' in E:\Portable Software\XAMPP\App\xampp\htdocs\pharmacy-mvc\bootstrap\DB.php:141
Stack trace:
#0 E:\Portable Software\XAMPP\App\xampp\htdocs\pharmacy-mvc\bootstrap\DB.php(141): PDO->query('SELECT b.id, b....')
#1 E:\Portable Software\XAMPP\App\xampp\htdocs\pharmacy-mvc\app\Controllers\PurchaseController.php(106): Core\DB::query('SELECT b.id, b....')
#2 E:\Portable Software\XAMPP\App\xampp\htdocs\pharmacy-mvc\bootstrap\Application.php(43): App\Controllers\PurchaseController->edit(Array)
#3 E:\Portable Software\XAMPP\App\xampp\htdocs\pharmacy-mvc\routes\web.php(62): Core\Application->run()
#4 E:\Portable Software\XAMPP\App\xampp\htdocs\pharmacy-mvc\public\index.php(4): require_once('E:\\Portable Sof...')
#5 {main}
  thrown in E:\Portable Software\XAMPP\App\xampp\htdocs\pharmacy-mvc\bootstrap\DB.php on line 141
[09-Apr-2023 22:35:04 Asia/Dhaka] PHP Notice:  Undefined variable: company_data in E:\Portable Software\XAMPP\App\xampp\htdocs\pharmacy-mvc\resources\views\purchase\edit.php on line 49
[09-Apr-2023 22:35:04 Asia/Dhaka] PHP Notice:  Trying to access array offset on value of type null in E:\Portable Software\XAMPP\App\xampp\htdocs\pharmacy-mvc\resources\views\purchase\edit.php on line 49
[09-Apr-2023 22:35:04 Asia/Dhaka] PHP Notice:  Undefined variable: company_data in E:\Portable Software\XAMPP\App\xampp\htdocs\pharmacy-mvc\resources\views\purchase\edit.php on line 50
[09-Apr-2023 22:35:04 Asia/Dhaka] PHP Notice:  Trying to access array offset on value of type null in E:\Portable Software\XAMPP\App\xampp\htdocs\pharmacy-mvc\resources\views\purchase\edit.php on line 50
[09-Apr-2023 22:35:10 Asia/Dhaka] PHP Notice:  Undefined variable: company_data in E:\Portable Software\XAMPP\App\xampp\htdocs\pharmacy-mvc\resources\views\purchase\edit.php on line 49
[09-Apr-2023 22:35:10 Asia/Dhaka] PHP Notice:  Trying to access array offset on value of type null in E:\Portable Software\XAMPP\App\xampp\htdocs\pharmacy-mvc\resources\views\purchase\edit.php on line 49
[09-Apr-2023 22:35:10 Asia/Dhaka] PHP Notice:  Undefined variable: company_data in E:\Portable Software\XAMPP\App\xampp\htdocs\pharmacy-mvc\resources\views\purchase\edit.php on line 50
[09-Apr-2023 22:35:10 Asia/Dhaka] PHP Notice:  Trying to access array offset on value of type null in E:\Portable Software\XAMPP\App\xampp\htdocs\pharmacy-mvc\resources\views\purchase\edit.php on line 50
[09-Apr-2023 22:35:21 Asia/Dhaka] PHP Notice:  Undefined variable: company_data in E:\Portable Software\XAMPP\App\xampp\htdocs\pharmacy-mvc\resources\views\purchase\edit.php on line 49
[09-Apr-2023 22:35:21 Asia/Dhaka] PHP Notice:  Trying to access array offset on value of type null in E:\Portable Software\XAMPP\App\xampp\htdocs\pharmacy-mvc\resources\views\purchase\edit.php on line 49
[09-Apr-2023 22:35:21 Asia/Dhaka] PHP Notice:  Undefined variable: company_data in E:\Portable Software\XAMPP\App\xampp\htdocs\pharmacy-mvc\resources\views\purchase\edit.php on line 50
[09-Apr-2023 22:35:21 Asia/Dhaka] PHP Notice:  Trying to access array offset on value of type null in E:\Portable Software\XAMPP\App\xampp\htdocs\pharmacy-mvc\resources\views\purchase\edit.php on line 50
[09-Apr-2023 22:36:20 Asia/Dhaka] PHP Notice:  Undefined variable: company_data in E:\Portable Software\XAMPP\App\xampp\htdocs\pharmacy-mvc\resources\views\purchase\edit.php on line 49
[09-Apr-2023 22:36:20 Asia/Dhaka] PHP Notice:  Trying to access array offset on value of type null in E:\Portable Software\XAMPP\App\xampp\htdocs\pharmacy-mvc\resources\views\purchase\edit.php on line 49
[09-Apr-2023 22:36:20 Asia/Dhaka] PHP Notice:  Undefined variable: company_data in E:\Portable Software\XAMPP\App\xampp\htdocs\pharmacy-mvc\resources\views\purchase\edit.php on line 50
[09-Apr-2023 22:36:20 Asia/Dhaka] PHP Notice:  Trying to access array offset on value of type null in E:\Portable Software\XAMPP\App\xampp\htdocs\pharmacy-mvc\resources\views\purchase\edit.php on line 50
[09-Apr-2023 22:38:18 Asia/Dhaka] PHP Notice:  Undefined variable: company_data in E:\Portable Software\XAMPP\App\xampp\htdocs\pharmacy-mvc\resources\views\purchase\edit.php on line 49
[09-Apr-2023 22:38:18 Asia/Dhaka] PHP Notice:  Trying to access array offset on value of type null in E:\Portable Software\XAMPP\App\xampp\htdocs\pharmacy-mvc\resources\views\purchase\edit.php on line 49
[09-Apr-2023 22:38:18 Asia/Dhaka] PHP Notice:  Undefined variable: company_data in E:\Portable Software\XAMPP\App\xampp\htdocs\pharmacy-mvc\resources\views\purchase\edit.php on line 50
[09-Apr-2023 22:38:18 Asia/Dhaka] PHP Notice:  Trying to access array offset on value of type null in E:\Portable Software\XAMPP\App\xampp\htdocs\pharmacy-mvc\resources\views\purchase\edit.php on line 50
[09-Apr-2023 22:38:55 Asia/Dhaka] PHP Notice:  Undefined variable: company_name in E:\Portable Software\XAMPP\App\xampp\htdocs\pharmacy-mvc\resources\views\purchase\edit.php on line 20
[09-Apr-2023 22:38:55 Asia/Dhaka] PHP Warning:  Invalid argument supplied for foreach() in E:\Portable Software\XAMPP\App\xampp\htdocs\pharmacy-mvc\resources\views\purchase\edit.php on line 20
