[12-Apr-2023 10:51:26 Asia/Dhaka] PHP Warning:  compact(): Undefined variable $total_medicine in D:\xampp\htdocs\sage_doc\app\Controllers\DocController.php on line 17
[12-Apr-2023 10:51:45 Asia/Dhaka] PHP Warning:  compact(): Undefined variable $total_medicine in D:\xampp\htdocs\sage_doc\app\Controllers\DocController.php on line 17
[12-Apr-2023 11:01:13 Asia/Dhaka] PHP Fatal error:  Uncaught Exception: Class Does Not Found. in D:\xampp\htdocs\sage_doc\bootstrap\Application.php:25
Stack trace:
#0 D:\xampp\htdocs\sage_doc\routes\web.php(65): Core\Application->run()
#1 D:\xampp\htdocs\sage_doc\public\index.php(4): require_once('D:\\xampp\\htdocs...')
#2 {main}
  thrown in D:\xampp\htdocs\sage_doc\bootstrap\Application.php on line 25
[12-Apr-2023 11:01:17 Asia/Dhaka] PHP Fatal error:  Uncaught Exception: Class Does Not Found. in D:\xampp\htdocs\sage_doc\bootstrap\Application.php:25
Stack trace:
#0 D:\xampp\htdocs\sage_doc\routes\web.php(65): Core\Application->run()
#1 D:\xampp\htdocs\sage_doc\public\index.php(4): require_once('D:\\xampp\\htdocs...')
#2 {main}
  thrown in D:\xampp\htdocs\sage_doc\bootstrap\Application.php on line 25
[12-Apr-2023 11:01:30 Asia/Dhaka] PHP Fatal error:  Uncaught Exception: Class Does Not Found. in D:\xampp\htdocs\sage_doc\bootstrap\Application.php:25
Stack trace:
#0 D:\xampp\htdocs\sage_doc\routes\web.php(65): Core\Application->run()
#1 D:\xampp\htdocs\sage_doc\public\index.php(4): require_once('D:\\xampp\\htdocs...')
#2 {main}
  thrown in D:\xampp\htdocs\sage_doc\bootstrap\Application.php on line 25
[12-Apr-2023 11:07:31 Asia/Dhaka] PHP Fatal error:  Uncaught Exception: 404 Not Found in D:\xampp\htdocs\sage_doc\bootstrap\Application.php:20
Stack trace:
#0 D:\xampp\htdocs\sage_doc\routes\web.php(66): Core\Application->run()
#1 D:\xampp\htdocs\sage_doc\public\index.php(4): require_once('D:\\xampp\\htdocs...')
#2 {main}
  thrown in D:\xampp\htdocs\sage_doc\bootstrap\Application.php on line 20
[12-Apr-2023 12:20:43 Asia/Dhaka] PHP Fatal error:  Uncaught Exception: 404 PAGE NOT FOUND in D:\xampp\htdocs\sage_doc\bootstrap\View.php:14
Stack trace:
#0 D:\xampp\htdocs\sage_doc\bootstrap\helpers\app.php(23): Core\Application->render('type/create', Array)
#1 D:\xampp\htdocs\sage_doc\app\Controllers\MedicineTypeController.php(21): view('type/create', Array)
#2 D:\xampp\htdocs\sage_doc\bootstrap\Application.php(45): App\Controllers\MedicineTypeController->create(Object(Core\Request))
#3 D:\xampp\htdocs\sage_doc\routes\web.php(35): Core\Application->run()
#4 D:\xampp\htdocs\sage_doc\public\index.php(4): require_once('D:\\xampp\\htdocs...')
#5 {main}
  thrown in D:\xampp\htdocs\sage_doc\bootstrap\View.php on line 14
[12-Apr-2023 12:27:21 Asia/Dhaka] PHP Fatal error:  Uncaught PDOException: SQLSTATE[42S02]: Base table or view not found: 1146 Table 'sage_doc.type' doesn't exist in D:\xampp\htdocs\sage_doc\bootstrap\DB.php:134
Stack trace:
#0 D:\xampp\htdocs\sage_doc\bootstrap\DB.php(134): PDO->prepare('SELECT * FROM t...')
#1 D:\xampp\htdocs\sage_doc\app\Controllers\MedicineTypeController.php(15): Core\DB->fetchAll()
#2 D:\xampp\htdocs\sage_doc\bootstrap\Application.php(45): App\Controllers\MedicineTypeController->index(Object(Core\Request))
#3 D:\xampp\htdocs\sage_doc\routes\web.php(35): Core\Application->run()
#4 D:\xampp\htdocs\sage_doc\public\index.php(4): require_once('D:\\xampp\\htdocs...')
#5 {main}
  thrown in D:\xampp\htdocs\sage_doc\bootstrap\DB.php on line 134
[12-Apr-2023 12:28:04 Asia/Dhaka] PHP Fatal error:  Uncaught PDOException: SQLSTATE[42S02]: Base table or view not found: 1146 Table 'sage_doc.type' doesn't exist in D:\xampp\htdocs\sage_doc\bootstrap\DB.php:134
Stack trace:
#0 D:\xampp\htdocs\sage_doc\bootstrap\DB.php(134): PDO->prepare('SELECT * FROM t...')
#1 D:\xampp\htdocs\sage_doc\app\Controllers\MedicineTypeController.php(15): Core\DB->fetchAll()
#2 D:\xampp\htdocs\sage_doc\bootstrap\Application.php(45): App\Controllers\MedicineTypeController->index(Object(Core\Request))
#3 D:\xampp\htdocs\sage_doc\routes\web.php(35): Core\Application->run()
#4 D:\xampp\htdocs\sage_doc\public\index.php(4): require_once('D:\\xampp\\htdocs...')
#5 {main}
  thrown in D:\xampp\htdocs\sage_doc\bootstrap\DB.php on line 134
[12-Apr-2023 12:28:06 Asia/Dhaka] PHP Fatal error:  Uncaught PDOException: SQLSTATE[42S02]: Base table or view not found: 1146 Table 'sage_doc.type' doesn't exist in D:\xampp\htdocs\sage_doc\bootstrap\DB.php:134
Stack trace:
#0 D:\xampp\htdocs\sage_doc\bootstrap\DB.php(134): PDO->prepare('SELECT * FROM t...')
#1 D:\xampp\htdocs\sage_doc\app\Controllers\MedicineTypeController.php(15): Core\DB->fetchAll()
#2 D:\xampp\htdocs\sage_doc\bootstrap\Application.php(45): App\Controllers\MedicineTypeController->index(Object(Core\Request))
#3 D:\xampp\htdocs\sage_doc\routes\web.php(35): Core\Application->run()
#4 D:\xampp\htdocs\sage_doc\public\index.php(4): require_once('D:\\xampp\\htdocs...')
#5 {main}
  thrown in D:\xampp\htdocs\sage_doc\bootstrap\DB.php on line 134
[12-Apr-2023 12:28:40 Asia/Dhaka] PHP Fatal error:  Uncaught PDOException: SQLSTATE[42S02]: Base table or view not found: 1146 Table 'sage_doc.type' doesn't exist in D:\xampp\htdocs\sage_doc\bootstrap\DB.php:134
Stack trace:
#0 D:\xampp\htdocs\sage_doc\bootstrap\DB.php(134): PDO->prepare('SELECT * FROM t...')
#1 D:\xampp\htdocs\sage_doc\app\Controllers\MedicineTypeController.php(15): Core\DB->fetchAll()
#2 D:\xampp\htdocs\sage_doc\bootstrap\Application.php(45): App\Controllers\MedicineTypeController->index(Object(Core\Request))
#3 D:\xampp\htdocs\sage_doc\routes\web.php(35): Core\Application->run()
#4 D:\xampp\htdocs\sage_doc\public\index.php(4): require_once('D:\\xampp\\htdocs...')
#5 {main}
  thrown in D:\xampp\htdocs\sage_doc\bootstrap\DB.php on line 134
[12-Apr-2023 12:29:01 Asia/Dhaka] PHP Warning:  Undefined array key "type_name" in D:\xampp\htdocs\sage_doc\resources\views\category\index.php on line 18
[12-Apr-2023 12:32:40 Asia/Dhaka] PHP Fatal error:  Uncaught Exception: 404 Not Found in D:\xampp\htdocs\sage_doc\bootstrap\Application.php:20
Stack trace:
#0 D:\xampp\htdocs\sage_doc\routes\web.php(35): Core\Application->run()
#1 D:\xampp\htdocs\sage_doc\public\index.php(4): require_once('D:\\xampp\\htdocs...')
#2 {main}
  thrown in D:\xampp\htdocs\sage_doc\bootstrap\Application.php on line 20
[12-Apr-2023 12:33:08 Asia/Dhaka] PHP Fatal error:  Uncaught Exception: 404 Not Found in D:\xampp\htdocs\sage_doc\bootstrap\Application.php:20
Stack trace:
#0 D:\xampp\htdocs\sage_doc\routes\web.php(35): Core\Application->run()
#1 D:\xampp\htdocs\sage_doc\public\index.php(4): require_once('D:\\xampp\\htdocs...')
#2 {main}
  thrown in D:\xampp\htdocs\sage_doc\bootstrap\Application.php on line 20
[12-Apr-2023 12:34:33 Asia/Dhaka] PHP Fatal error:  Uncaught Exception: 404 PAGE NOT FOUND in D:\xampp\htdocs\sage_doc\bootstrap\View.php:14
Stack trace:
#0 D:\xampp\htdocs\sage_doc\bootstrap\helpers\app.php(23): Core\Application->render('description/ind...', Array)
#1 D:\xampp\htdocs\sage_doc\app\Controllers\CompanyController.php(16): view('description/ind...', Array)
#2 D:\xampp\htdocs\sage_doc\bootstrap\Application.php(45): App\Controllers\CompanyController->index(Object(Core\Request))
#3 D:\xampp\htdocs\sage_doc\routes\web.php(35): Core\Application->run()
#4 D:\xampp\htdocs\sage_doc\public\index.php(4): require_once('D:\\xampp\\htdocs...')
#5 {main}
  thrown in D:\xampp\htdocs\sage_doc\bootstrap\View.php on line 14
[12-Apr-2023 12:45:54 Asia/Dhaka] PHP Warning:  Undefined variable $category in D:\xampp\htdocs\sage_doc\resources\views\description\create.php on line 39
[12-Apr-2023 12:45:54 Asia/Dhaka] PHP Warning:  foreach() argument must be of type array|object, null given in D:\xampp\htdocs\sage_doc\resources\views\description\create.php on line 39
[12-Apr-2023 12:46:17 Asia/Dhaka] PHP Warning:  Undefined variable $category in D:\xampp\htdocs\sage_doc\resources\views\description\create.php on line 39
[12-Apr-2023 12:58:46 Asia/Dhaka] PHP Fatal error:  Uncaught Exception: 404 Not Found in D:\xampp\htdocs\sage_doc\bootstrap\Application.php:20
Stack trace:
#0 D:\xampp\htdocs\sage_doc\routes\web.php(35): Core\Application->run()
#1 D:\xampp\htdocs\sage_doc\public\index.php(4): require_once('D:\\xampp\\htdocs...')
#2 {main}
  thrown in D:\xampp\htdocs\sage_doc\bootstrap\Application.php on line 20
[12-Apr-2023 13:00:28 Asia/Dhaka] PHP Warning:  Undefined array key "description" in D:\xampp\htdocs\sage_doc\resources\views\description\index.php on line 32
[12-Apr-2023 13:00:28 Asia/Dhaka] PHP Warning:  Undefined variable $type in D:\xampp\htdocs\sage_doc\resources\views\description\index.php on line 33
[12-Apr-2023 13:00:28 Asia/Dhaka] PHP Warning:  Trying to access array offset on value of type null in D:\xampp\htdocs\sage_doc\resources\views\description\index.php on line 33
[12-Apr-2023 13:00:31 Asia/Dhaka] PHP Warning:  Undefined array key "description" in D:\xampp\htdocs\sage_doc\resources\views\description\index.php on line 32
[12-Apr-2023 13:00:31 Asia/Dhaka] PHP Warning:  Undefined variable $type in D:\xampp\htdocs\sage_doc\resources\views\description\index.php on line 33
[12-Apr-2023 13:00:31 Asia/Dhaka] PHP Warning:  Trying to access array offset on value of type null in D:\xampp\htdocs\sage_doc\resources\views\description\index.php on line 33
[12-Apr-2023 13:00:34 Asia/Dhaka] PHP Warning:  Undefined array key "description" in D:\xampp\htdocs\sage_doc\resources\views\description\index.php on line 32
[12-Apr-2023 13:00:34 Asia/Dhaka] PHP Warning:  Undefined variable $type in D:\xampp\htdocs\sage_doc\resources\views\description\index.php on line 33
[12-Apr-2023 13:00:34 Asia/Dhaka] PHP Warning:  Trying to access array offset on value of type null in D:\xampp\htdocs\sage_doc\resources\views\description\index.php on line 33
[12-Apr-2023 13:03:51 Asia/Dhaka] PHP Fatal error:  Uncaught Exception: 404 Not Found in D:\xampp\htdocs\sage_doc\bootstrap\Application.php:20
Stack trace:
#0 D:\xampp\htdocs\sage_doc\routes\web.php(35): Core\Application->run()
#1 D:\xampp\htdocs\sage_doc\public\index.php(4): require_once('D:\\xampp\\htdocs...')
#2 {main}
  thrown in D:\xampp\htdocs\sage_doc\bootstrap\Application.php on line 20
[12-Apr-2023 13:04:50 Asia/Dhaka] PHP Fatal error:  Uncaught Exception: 404 Not Found in D:\xampp\htdocs\sage_doc\bootstrap\Application.php:20
Stack trace:
#0 D:\xampp\htdocs\sage_doc\routes\web.php(35): Core\Application->run()
#1 D:\xampp\htdocs\sage_doc\public\index.php(4): require_once('D:\\xampp\\htdocs...')
#2 {main}
  thrown in D:\xampp\htdocs\sage_doc\bootstrap\Application.php on line 20
[12-Apr-2023 13:05:14 Asia/Dhaka] PHP Fatal error:  Uncaught Exception: 404 Not Found in D:\xampp\htdocs\sage_doc\bootstrap\Application.php:20
Stack trace:
#0 D:\xampp\htdocs\sage_doc\routes\web.php(35): Core\Application->run()
#1 D:\xampp\htdocs\sage_doc\public\index.php(4): require_once('D:\\xampp\\htdocs...')
#2 {main}
  thrown in D:\xampp\htdocs\sage_doc\bootstrap\Application.php on line 20
[12-Apr-2023 13:05:28 Asia/Dhaka] PHP Fatal error:  Uncaught Exception: 404 Not Found in D:\xampp\htdocs\sage_doc\bootstrap\Application.php:20
Stack trace:
#0 D:\xampp\htdocs\sage_doc\routes\web.php(35): Core\Application->run()
#1 D:\xampp\htdocs\sage_doc\public\index.php(4): require_once('D:\\xampp\\htdocs...')
#2 {main}
  thrown in D:\xampp\htdocs\sage_doc\bootstrap\Application.php on line 20
[12-Apr-2023 13:07:18 Asia/Dhaka] PHP Fatal error:  Uncaught Exception: 404 Not Found in D:\xampp\htdocs\sage_doc\bootstrap\Application.php:20
Stack trace:
#0 D:\xampp\htdocs\sage_doc\routes\web.php(35): Core\Application->run()
#1 D:\xampp\htdocs\sage_doc\public\index.php(4): require_once('D:\\xampp\\htdocs...')
#2 {main}
  thrown in D:\xampp\htdocs\sage_doc\bootstrap\Application.php on line 20
[12-Apr-2023 13:07:19 Asia/Dhaka] PHP Fatal error:  Uncaught Exception: 404 Not Found in D:\xampp\htdocs\sage_doc\bootstrap\Application.php:20
Stack trace:
#0 D:\xampp\htdocs\sage_doc\routes\web.php(35): Core\Application->run()
#1 D:\xampp\htdocs\sage_doc\public\index.php(4): require_once('D:\\xampp\\htdocs...')
#2 {main}
  thrown in D:\xampp\htdocs\sage_doc\bootstrap\Application.php on line 20
[12-Apr-2023 13:07:37 Asia/Dhaka] PHP Fatal error:  Uncaught Exception: 404 Not Found in D:\xampp\htdocs\sage_doc\bootstrap\Application.php:20
Stack trace:
#0 D:\xampp\htdocs\sage_doc\routes\web.php(35): Core\Application->run()
#1 D:\xampp\htdocs\sage_doc\public\index.php(4): require_once('D:\\xampp\\htdocs...')
#2 {main}
  thrown in D:\xampp\htdocs\sage_doc\bootstrap\Application.php on line 20
[12-Apr-2023 13:07:37 Asia/Dhaka] PHP Fatal error:  Uncaught Exception: 404 Not Found in D:\xampp\htdocs\sage_doc\bootstrap\Application.php:20
Stack trace:
#0 D:\xampp\htdocs\sage_doc\routes\web.php(35): Core\Application->run()
#1 D:\xampp\htdocs\sage_doc\public\index.php(4): require_once('D:\\xampp\\htdocs...')
#2 {main}
  thrown in D:\xampp\htdocs\sage_doc\bootstrap\Application.php on line 20
[12-Apr-2023 13:07:38 Asia/Dhaka] PHP Fatal error:  Uncaught Exception: 404 Not Found in D:\xampp\htdocs\sage_doc\bootstrap\Application.php:20
Stack trace:
#0 D:\xampp\htdocs\sage_doc\routes\web.php(35): Core\Application->run()
#1 D:\xampp\htdocs\sage_doc\public\index.php(4): require_once('D:\\xampp\\htdocs...')
#2 {main}
  thrown in D:\xampp\htdocs\sage_doc\bootstrap\Application.php on line 20
[12-Apr-2023 13:07:38 Asia/Dhaka] PHP Fatal error:  Uncaught Exception: 404 Not Found in D:\xampp\htdocs\sage_doc\bootstrap\Application.php:20
Stack trace:
#0 D:\xampp\htdocs\sage_doc\routes\web.php(35): Core\Application->run()
#1 D:\xampp\htdocs\sage_doc\public\index.php(4): require_once('D:\\xampp\\htdocs...')
#2 {main}
  thrown in D:\xampp\htdocs\sage_doc\bootstrap\Application.php on line 20
[12-Apr-2023 13:07:38 Asia/Dhaka] PHP Fatal error:  Uncaught Exception: 404 Not Found in D:\xampp\htdocs\sage_doc\bootstrap\Application.php:20
Stack trace:
#0 D:\xampp\htdocs\sage_doc\routes\web.php(35): Core\Application->run()
#1 D:\xampp\htdocs\sage_doc\public\index.php(4): require_once('D:\\xampp\\htdocs...')
#2 {main}
  thrown in D:\xampp\htdocs\sage_doc\bootstrap\Application.php on line 20
[12-Apr-2023 13:07:38 Asia/Dhaka] PHP Fatal error:  Uncaught Exception: 404 Not Found in D:\xampp\htdocs\sage_doc\bootstrap\Application.php:20
Stack trace:
#0 D:\xampp\htdocs\sage_doc\routes\web.php(35): Core\Application->run()
#1 D:\xampp\htdocs\sage_doc\public\index.php(4): require_once('D:\\xampp\\htdocs...')
#2 {main}
  thrown in D:\xampp\htdocs\sage_doc\bootstrap\Application.php on line 20
[12-Apr-2023 13:07:38 Asia/Dhaka] PHP Fatal error:  Uncaught Exception: 404 Not Found in D:\xampp\htdocs\sage_doc\bootstrap\Application.php:20
Stack trace:
#0 D:\xampp\htdocs\sage_doc\routes\web.php(35): Core\Application->run()
#1 D:\xampp\htdocs\sage_doc\public\index.php(4): require_once('D:\\xampp\\htdocs...')
#2 {main}
  thrown in D:\xampp\htdocs\sage_doc\bootstrap\Application.php on line 20
[12-Apr-2023 13:07:38 Asia/Dhaka] PHP Fatal error:  Uncaught Exception: 404 Not Found in D:\xampp\htdocs\sage_doc\bootstrap\Application.php:20
Stack trace:
#0 D:\xampp\htdocs\sage_doc\routes\web.php(35): Core\Application->run()
#1 D:\xampp\htdocs\sage_doc\public\index.php(4): require_once('D:\\xampp\\htdocs...')
#2 {main}
  thrown in D:\xampp\htdocs\sage_doc\bootstrap\Application.php on line 20
[12-Apr-2023 13:09:11 Asia/Dhaka] PHP Fatal error:  Uncaught Exception: 404 Not Found in D:\xampp\htdocs\sage_doc\bootstrap\Application.php:20
Stack trace:
#0 D:\xampp\htdocs\sage_doc\routes\web.php(35): Core\Application->run()
#1 D:\xampp\htdocs\sage_doc\public\index.php(4): require_once('D:\\xampp\\htdocs...')
#2 {main}
  thrown in D:\xampp\htdocs\sage_doc\bootstrap\Application.php on line 20
[12-Apr-2023 13:14:25 Asia/Dhaka] PHP Fatal error:  Uncaught Exception: 404 Not Found in D:\xampp\htdocs\sage_doc\bootstrap\Application.php:25
Stack trace:
#0 D:\xampp\htdocs\sage_doc\routes\web.php(35): Core\Application->run()
#1 D:\xampp\htdocs\sage_doc\public\index.php(4): require_once('D:\\xampp\\htdocs...')
#2 {main}
  thrown in D:\xampp\htdocs\sage_doc\bootstrap\Application.php on line 25
[12-Apr-2023 13:15:12 Asia/Dhaka] PHP Fatal error:  Uncaught Exception: 404 Not Found in D:\xampp\htdocs\sage_doc\bootstrap\Application.php:25
Stack trace:
#0 D:\xampp\htdocs\sage_doc\routes\web.php(35): Core\Application->run()
#1 D:\xampp\htdocs\sage_doc\public\index.php(4): require_once('D:\\xampp\\htdocs...')
#2 {main}
  thrown in D:\xampp\htdocs\sage_doc\bootstrap\Application.php on line 25
[12-Apr-2023 13:48:23 Asia/Dhaka] PHP Fatal error:  Uncaught Exception: 404 PAGE NOT FOUND in D:\xampp\htdocs\sage_doc\bootstrap\View.php:14
Stack trace:
#0 D:\xampp\htdocs\sage_doc\bootstrap\helpers\app.php(23): Core\Application->render('doc/create', Array)
#1 D:\xampp\htdocs\sage_doc\app\Controllers\DocController.php(20): view('doc/create', Array)
#2 D:\xampp\htdocs\sage_doc\bootstrap\Application.php(50): App\Controllers\DocController->create(Object(Core\Request))
#3 D:\xampp\htdocs\sage_doc\routes\web.php(35): Core\Application->run()
#4 D:\xampp\htdocs\sage_doc\public\index.php(4): require_once('D:\\xampp\\htdocs...')
#5 {main}
  thrown in D:\xampp\htdocs\sage_doc\bootstrap\View.php on line 14
[12-Apr-2023 14:01:50 Asia/Dhaka] PHP Warning:  compact(): Undefined variable $title in D:\xampp\htdocs\sage_doc\app\Controllers\DocController.php on line 29
[12-Apr-2023 14:01:50 Asia/Dhaka] PHP Warning:  Undefined variable $category in D:\xampp\htdocs\sage_doc\resources\views\master\sidebar.php on line 5
[12-Apr-2023 14:01:50 Asia/Dhaka] PHP Warning:  foreach() argument must be of type array|object, null given in D:\xampp\htdocs\sage_doc\resources\views\master\sidebar.php on line 5
[12-Apr-2023 14:01:50 Asia/Dhaka] PHP Warning:  Undefined variable $title in D:\xampp\htdocs\sage_doc\resources\views\master\sidebar.php on line 30
[12-Apr-2023 14:02:14 Asia/Dhaka] PHP Warning:  Undefined variable $category in D:\xampp\htdocs\sage_doc\resources\views\master\sidebar.php on line 5
[12-Apr-2023 14:02:14 Asia/Dhaka] PHP Warning:  foreach() argument must be of type array|object, null given in D:\xampp\htdocs\sage_doc\resources\views\master\sidebar.php on line 5
[12-Apr-2023 14:02:29 Asia/Dhaka] PHP Warning:  Trying to access array offset on value of type bool in D:\xampp\htdocs\sage_doc\resources\views\doc\show.php on line 1
[12-Apr-2023 14:03:15 Asia/Dhaka] PHP Warning:  Trying to access array offset on value of type bool in D:\xampp\htdocs\sage_doc\resources\views\doc\show.php on line 1
[12-Apr-2023 14:03:15 Asia/Dhaka] PHP Warning:  Trying to access array offset on value of type bool in D:\xampp\htdocs\sage_doc\resources\views\doc\show.php on line 2
[12-Apr-2023 14:03:20 Asia/Dhaka] PHP Warning:  Trying to access array offset on value of type bool in D:\xampp\htdocs\sage_doc\resources\views\doc\show.php on line 1
[12-Apr-2023 14:03:20 Asia/Dhaka] PHP Warning:  Trying to access array offset on value of type bool in D:\xampp\htdocs\sage_doc\resources\views\doc\show.php on line 2
[12-Apr-2023 14:03:21 Asia/Dhaka] PHP Warning:  Trying to access array offset on value of type bool in D:\xampp\htdocs\sage_doc\resources\views\doc\show.php on line 1
[12-Apr-2023 14:03:21 Asia/Dhaka] PHP Warning:  Trying to access array offset on value of type bool in D:\xampp\htdocs\sage_doc\resources\views\doc\show.php on line 2
[12-Apr-2023 14:03:23 Asia/Dhaka] PHP Warning:  Trying to access array offset on value of type bool in D:\xampp\htdocs\sage_doc\resources\views\doc\show.php on line 1
[12-Apr-2023 14:03:23 Asia/Dhaka] PHP Warning:  Trying to access array offset on value of type bool in D:\xampp\htdocs\sage_doc\resources\views\doc\show.php on line 2
[12-Apr-2023 14:03:27 Asia/Dhaka] PHP Warning:  Trying to access array offset on value of type bool in D:\xampp\htdocs\sage_doc\resources\views\doc\show.php on line 1
[12-Apr-2023 14:03:27 Asia/Dhaka] PHP Warning:  Trying to access array offset on value of type bool in D:\xampp\htdocs\sage_doc\resources\views\doc\show.php on line 2
[12-Apr-2023 14:03:30 Asia/Dhaka] PHP Warning:  Trying to access array offset on value of type bool in D:\xampp\htdocs\sage_doc\resources\views\doc\show.php on line 1
[12-Apr-2023 14:03:30 Asia/Dhaka] PHP Warning:  Trying to access array offset on value of type bool in D:\xampp\htdocs\sage_doc\resources\views\doc\show.php on line 2
[12-Apr-2023 14:03:31 Asia/Dhaka] PHP Warning:  Trying to access array offset on value of type bool in D:\xampp\htdocs\sage_doc\resources\views\doc\show.php on line 1
[12-Apr-2023 14:03:31 Asia/Dhaka] PHP Warning:  Trying to access array offset on value of type bool in D:\xampp\htdocs\sage_doc\resources\views\doc\show.php on line 2
[12-Apr-2023 14:03:32 Asia/Dhaka] PHP Warning:  Trying to access array offset on value of type bool in D:\xampp\htdocs\sage_doc\resources\views\doc\show.php on line 1
[12-Apr-2023 14:03:32 Asia/Dhaka] PHP Warning:  Trying to access array offset on value of type bool in D:\xampp\htdocs\sage_doc\resources\views\doc\show.php on line 2
[12-Apr-2023 14:03:33 Asia/Dhaka] PHP Warning:  Trying to access array offset on value of type bool in D:\xampp\htdocs\sage_doc\resources\views\doc\show.php on line 1
[12-Apr-2023 14:03:33 Asia/Dhaka] PHP Warning:  Trying to access array offset on value of type bool in D:\xampp\htdocs\sage_doc\resources\views\doc\show.php on line 2
[12-Apr-2023 14:03:34 Asia/Dhaka] PHP Warning:  Trying to access array offset on value of type bool in D:\xampp\htdocs\sage_doc\resources\views\doc\show.php on line 1
[12-Apr-2023 14:03:34 Asia/Dhaka] PHP Warning:  Trying to access array offset on value of type bool in D:\xampp\htdocs\sage_doc\resources\views\doc\show.php on line 2
[12-Apr-2023 14:05:08 Asia/Dhaka] PHP Fatal error:  Uncaught Exception: 404 Not Found in D:\xampp\htdocs\sage_doc\bootstrap\Application.php:25
Stack trace:
#0 D:\xampp\htdocs\sage_doc\routes\web.php(36): Core\Application->run()
#1 D:\xampp\htdocs\sage_doc\public\index.php(4): require_once('D:\\xampp\\htdocs...')
#2 {main}
  thrown in D:\xampp\htdocs\sage_doc\bootstrap\Application.php on line 25
[12-Apr-2023 14:05:14 Asia/Dhaka] PHP Warning:  Trying to access array offset on value of type bool in D:\xampp\htdocs\sage_doc\resources\views\doc\show.php on line 1
[12-Apr-2023 14:05:14 Asia/Dhaka] PHP Warning:  Trying to access array offset on value of type bool in D:\xampp\htdocs\sage_doc\resources\views\doc\show.php on line 2
[12-Apr-2023 14:05:17 Asia/Dhaka] PHP Warning:  Trying to access array offset on value of type bool in D:\xampp\htdocs\sage_doc\resources\views\doc\show.php on line 1
[12-Apr-2023 14:05:17 Asia/Dhaka] PHP Warning:  Trying to access array offset on value of type bool in D:\xampp\htdocs\sage_doc\resources\views\doc\show.php on line 2
[12-Apr-2023 14:11:37 Asia/Dhaka] PHP Fatal error:  Uncaught PDOException: SQLSTATE[42000]: Syntax error or access violation: 1064 You have an error in your SQL syntax; check the manual that corresponds to your MariaDB server version for the right syntax to use near 'GET','/', 'DemoController@index','demo');
This routes show the data from the...' at line 1 in D:\xampp\htdocs\sage_doc\bootstrap\DB.php:168
Stack trace:
#0 D:\xampp\htdocs\sage_doc\bootstrap\DB.php(168): PDO->prepare('INSERT INTO des...')
#1 D:\xampp\htdocs\sage_doc\app\Controllers\DescriptionController.php(32): Core\DB->insert(Array)
#2 D:\xampp\htdocs\sage_doc\bootstrap\Application.php(50): App\Controllers\DescriptionController->store(Object(Core\Request))
#3 D:\xampp\htdocs\sage_doc\routes\web.php(36): Core\Application->run()
#4 D:\xampp\htdocs\sage_doc\public\index.php(4): require_once('D:\\xampp\\htdocs...')
#5 {main}
  thrown in D:\xampp\htdocs\sage_doc\bootstrap\DB.php on line 168
[12-Apr-2023 14:11:50 Asia/Dhaka] PHP Fatal error:  Uncaught PDOException: SQLSTATE[42000]: Syntax error or access violation: 1064 You have an error in your SQL syntax; check the manual that corresponds to your MariaDB server version for the right syntax to use near 'GET','/', 'DemoController@index','demo');
This routes show the data from the...' at line 1 in D:\xampp\htdocs\sage_doc\bootstrap\DB.php:168
Stack trace:
#0 D:\xampp\htdocs\sage_doc\bootstrap\DB.php(168): PDO->prepare('INSERT INTO des...')
#1 D:\xampp\htdocs\sage_doc\app\Controllers\DescriptionController.php(32): Core\DB->insert(Array)
#2 D:\xampp\htdocs\sage_doc\bootstrap\Application.php(50): App\Controllers\DescriptionController->store(Object(Core\Request))
#3 D:\xampp\htdocs\sage_doc\routes\web.php(36): Core\Application->run()
#4 D:\xampp\htdocs\sage_doc\public\index.php(4): require_once('D:\\xampp\\htdocs...')
#5 {main}
  thrown in D:\xampp\htdocs\sage_doc\bootstrap\DB.php on line 168
[12-Apr-2023 14:13:15 Asia/Dhaka] PHP Fatal error:  Uncaught PDOException: SQLSTATE[42000]: Syntax error or access violation: 1064 You have an error in your SQL syntax; check the manual that corresponds to your MariaDB server version for the right syntax to use near 'GET\',\'/\', \'DemoController@index\',\'demo\');
This routes show the data f...' at line 1 in D:\xampp\htdocs\sage_doc\bootstrap\DB.php:168
Stack trace:
#0 D:\xampp\htdocs\sage_doc\bootstrap\DB.php(168): PDO->prepare('INSERT INTO des...')
#1 D:\xampp\htdocs\sage_doc\app\Controllers\DescriptionController.php(32): Core\DB->insert(Array)
#2 D:\xampp\htdocs\sage_doc\bootstrap\Application.php(50): App\Controllers\DescriptionController->store(Object(Core\Request))
#3 D:\xampp\htdocs\sage_doc\routes\web.php(36): Core\Application->run()
#4 D:\xampp\htdocs\sage_doc\public\index.php(4): require_once('D:\\xampp\\htdocs...')
#5 {main}
  thrown in D:\xampp\htdocs\sage_doc\bootstrap\DB.php on line 168
[12-Apr-2023 14:16:40 Asia/Dhaka] PHP Fatal error:  Uncaught Exception: 404 Not Found in D:\xampp\htdocs\sage_doc\bootstrap\Application.php:25
Stack trace:
#0 D:\xampp\htdocs\sage_doc\routes\web.php(36): Core\Application->run()
#1 D:\xampp\htdocs\sage_doc\public\index.php(4): require_once('D:\\xampp\\htdocs...')
#2 {main}
  thrown in D:\xampp\htdocs\sage_doc\bootstrap\Application.php on line 25
[12-Apr-2023 14:18:44 Asia/Dhaka] PHP Fatal error:  Uncaught Exception: 404 Not Found in D:\xampp\htdocs\sage_doc\bootstrap\Application.php:25
Stack trace:
#0 D:\xampp\htdocs\sage_doc\routes\web.php(36): Core\Application->run()
#1 D:\xampp\htdocs\sage_doc\public\index.php(4): require_once('D:\\xampp\\htdocs...')
#2 {main}
  thrown in D:\xampp\htdocs\sage_doc\bootstrap\Application.php on line 25
[12-Apr-2023 14:18:50 Asia/Dhaka] PHP Fatal error:  Uncaught Exception: 404 Not Found in D:\xampp\htdocs\sage_doc\bootstrap\Application.php:25
Stack trace:
#0 D:\xampp\htdocs\sage_doc\routes\web.php(36): Core\Application->run()
#1 D:\xampp\htdocs\sage_doc\public\index.php(4): require_once('D:\\xampp\\htdocs...')
#2 {main}
  thrown in D:\xampp\htdocs\sage_doc\bootstrap\Application.php on line 25
[12-Apr-2023 14:33:06 Asia/Dhaka] PHP Fatal error:  Uncaught PDOException: SQLSTATE[42000]: Syntax error or access violation: 1064 You have an error in your SQL syntax; check the manual that corresponds to your MariaDB server version for the right syntax to use near 'prepared'); // "prepared" query best
                    // for security rea...' at line 1 in D:\xampp\htdocs\sage_doc\bootstrap\DB.php:168
Stack trace:
#0 D:\xampp\htdocs\sage_doc\bootstrap\DB.php(168): PDO->prepare('INSERT INTO des...')
#1 D:\xampp\htdocs\sage_doc\app\Controllers\DescriptionController.php(32): Core\DB->insert(Array)
#2 D:\xampp\htdocs\sage_doc\bootstrap\Application.php(50): App\Controllers\DescriptionController->store(Object(Core\Request))
#3 D:\xampp\htdocs\sage_doc\routes\web.php(36): Core\Application->run()
#4 D:\xampp\htdocs\sage_doc\public\index.php(4): require_once('D:\\xampp\\htdocs...')
#5 {main}
  thrown in D:\xampp\htdocs\sage_doc\bootstrap\DB.php on line 168
[12-Apr-2023 14:41:47 Asia/Dhaka] PHP Fatal error:  Uncaught PDOException: SQLSTATE[42S02]: Base table or view not found: 1146 Table 'sage_doc.type' doesn't exist in D:\xampp\htdocs\sage_doc\bootstrap\DB.php:119
Stack trace:
#0 D:\xampp\htdocs\sage_doc\bootstrap\DB.php(119): PDO->prepare('SELECT * FROM t...')
#1 D:\xampp\htdocs\sage_doc\app\Controllers\CategoryController.php(46): Core\DB->fetch()
#2 D:\xampp\htdocs\sage_doc\bootstrap\Application.php(48): App\Controllers\CategoryController->edit(Array)
#3 D:\xampp\htdocs\sage_doc\routes\web.php(36): Core\Application->run()
#4 D:\xampp\htdocs\sage_doc\public\index.php(4): require_once('D:\\xampp\\htdocs...')
#5 {main}
  thrown in D:\xampp\htdocs\sage_doc\bootstrap\DB.php on line 119
[12-Apr-2023 14:56:23 Asia/Dhaka] PHP Fatal error:  Uncaught Exception: 404 Not Found in D:\xampp\htdocs\sage_doc\bootstrap\Application.php:25
Stack trace:
#0 D:\xampp\htdocs\sage_doc\routes\web.php(35): Core\Application->run()
#1 D:\xampp\htdocs\sage_doc\public\index.php(4): require_once('D:\\xampp\\htdocs...')
#2 {main}
  thrown in D:\xampp\htdocs\sage_doc\bootstrap\Application.php on line 25
[12-Apr-2023 14:56:41 Asia/Dhaka] PHP Warning:  Trying to access array offset on value of type bool in D:\xampp\htdocs\sage_doc\app\Controllers\DocController.php on line 28
[12-Apr-2023 14:56:41 Asia/Dhaka] PHP Warning:  Trying to access array offset on value of type bool in D:\xampp\htdocs\sage_doc\app\Controllers\DocController.php on line 28
[12-Apr-2023 14:56:43 Asia/Dhaka] PHP Warning:  Trying to access array offset on value of type bool in D:\xampp\htdocs\sage_doc\app\Controllers\DocController.php on line 28
[12-Apr-2023 14:56:44 Asia/Dhaka] PHP Warning:  Trying to access array offset on value of type bool in D:\xampp\htdocs\sage_doc\app\Controllers\DocController.php on line 28
[12-Apr-2023 14:56:45 Asia/Dhaka] PHP Warning:  Trying to access array offset on value of type bool in D:\xampp\htdocs\sage_doc\app\Controllers\DocController.php on line 28
[12-Apr-2023 14:56:46 Asia/Dhaka] PHP Warning:  Trying to access array offset on value of type bool in D:\xampp\htdocs\sage_doc\app\Controllers\DocController.php on line 28
[12-Apr-2023 14:56:47 Asia/Dhaka] PHP Warning:  Trying to access array offset on value of type bool in D:\xampp\htdocs\sage_doc\app\Controllers\DocController.php on line 28
[12-Apr-2023 14:56:48 Asia/Dhaka] PHP Warning:  Trying to access array offset on value of type bool in D:\xampp\htdocs\sage_doc\app\Controllers\DocController.php on line 28
[12-Apr-2023 14:56:49 Asia/Dhaka] PHP Warning:  Trying to access array offset on value of type bool in D:\xampp\htdocs\sage_doc\app\Controllers\DocController.php on line 28
[12-Apr-2023 14:56:49 Asia/Dhaka] PHP Warning:  Trying to access array offset on value of type bool in D:\xampp\htdocs\sage_doc\app\Controllers\DocController.php on line 28
[12-Apr-2023 14:56:50 Asia/Dhaka] PHP Warning:  Trying to access array offset on value of type bool in D:\xampp\htdocs\sage_doc\app\Controllers\DocController.php on line 28
[12-Apr-2023 14:57:45 Asia/Dhaka] PHP Warning:  Trying to access array offset on value of type bool in D:\xampp\htdocs\sage_doc\app\Controllers\DocController.php on line 28
[12-Apr-2023 14:59:42 Asia/Dhaka] PHP Warning:  Trying to access array offset on value of type bool in D:\xampp\htdocs\sage_doc\app\Controllers\DocController.php on line 31
[12-Apr-2023 15:21:12 Asia/Dhaka] PHP Fatal error:  Uncaught Exception: 404 PAGE NOT FOUND in D:\xampp\htdocs\sage_doc\bootstrap\View.php:14
Stack trace:
#0 D:\xampp\htdocs\sage_doc\bootstrap\helpers\app.php(23): Core\Application->render('type/edit', Array)
#1 D:\xampp\htdocs\sage_doc\app\Controllers\CategoryController.php(47): view('type/edit', Array)
#2 D:\xampp\htdocs\sage_doc\bootstrap\Application.php(48): App\Controllers\CategoryController->edit(Array)
#3 D:\xampp\htdocs\sage_doc\routes\web.php(35): Core\Application->run()
#4 D:\xampp\htdocs\sage_doc\public\index.php(4): require_once('D:\\xampp\\htdocs...')
#5 {main}
  thrown in D:\xampp\htdocs\sage_doc\bootstrap\View.php on line 14
[12-Apr-2023 15:21:29 Asia/Dhaka] PHP Fatal error:  Uncaught Exception: 404 PAGE NOT FOUND in D:\xampp\htdocs\sage_doc\bootstrap\View.php:14
Stack trace:
#0 D:\xampp\htdocs\sage_doc\bootstrap\helpers\app.php(23): Core\Application->render('type/edit', Array)
#1 D:\xampp\htdocs\sage_doc\app\Controllers\CategoryController.php(47): view('type/edit', Array)
#2 D:\xampp\htdocs\sage_doc\bootstrap\Application.php(48): App\Controllers\CategoryController->edit(Array)
#3 D:\xampp\htdocs\sage_doc\routes\web.php(35): Core\Application->run()
#4 D:\xampp\htdocs\sage_doc\public\index.php(4): require_once('D:\\xampp\\htdocs...')
#5 {main}
  thrown in D:\xampp\htdocs\sage_doc\bootstrap\View.php on line 14
[12-Apr-2023 15:22:43 Asia/Dhaka] PHP Fatal error:  Uncaught Exception: 404 PAGE NOT FOUND in D:\xampp\htdocs\sage_doc\bootstrap\View.php:14
Stack trace:
#0 D:\xampp\htdocs\sage_doc\bootstrap\helpers\app.php(23): Core\Application->render('type/edit', Array)
#1 D:\xampp\htdocs\sage_doc\app\Controllers\CategoryController.php(47): view('type/edit', Array)
#2 D:\xampp\htdocs\sage_doc\bootstrap\Application.php(48): App\Controllers\CategoryController->edit(Array)
#3 D:\xampp\htdocs\sage_doc\routes\web.php(35): Core\Application->run()
#4 D:\xampp\htdocs\sage_doc\public\index.php(4): require_once('D:\\xampp\\htdocs...')
#5 {main}
  thrown in D:\xampp\htdocs\sage_doc\bootstrap\View.php on line 14
[12-Apr-2023 15:24:36 Asia/Dhaka] PHP Fatal error:  Uncaught Exception: 404 PAGE NOT FOUND in D:\xampp\htdocs\sage_doc\bootstrap\View.php:14
Stack trace:
#0 D:\xampp\htdocs\sage_doc\bootstrap\helpers\app.php(23): Core\Application->render('company/edit', Array)
#1 D:\xampp\htdocs\sage_doc\app\Controllers\DescriptionController.php(61): view('company/edit', Array)
#2 D:\xampp\htdocs\sage_doc\bootstrap\Application.php(48): App\Controllers\DescriptionController->edit(Array)
#3 D:\xampp\htdocs\sage_doc\routes\web.php(35): Core\Application->run()
#4 D:\xampp\htdocs\sage_doc\public\index.php(4): require_once('D:\\xampp\\htdocs...')
#5 {main}
  thrown in D:\xampp\htdocs\sage_doc\bootstrap\View.php on line 14
